0 info it worked if it ends with ok
1 verbose cli [ '/usr/local/bin/node',
1 verbose cli   '/usr/local/bin/npm',
1 verbose cli   'install',
1 verbose cli   'canvas' ]
2 info using npm@3.10.8
3 info using node@v6.8.1
4 silly loadCurrentTree Starting
5 silly install loadCurrentTree
6 silly install readLocalPackageData
7 silly fetchPackageMetaData canvas
8 silly fetchNamedPackageData canvas
9 silly mapToRegistry name canvas
10 silly mapToRegistry using default registry
11 silly mapToRegistry registry https://registry.npmjs.org/
12 silly mapToRegistry data Result {
12 silly mapToRegistry   raw: 'canvas',
12 silly mapToRegistry   scope: null,
12 silly mapToRegistry   escapedName: 'canvas',
12 silly mapToRegistry   name: 'canvas',
12 silly mapToRegistry   rawSpec: '',
12 silly mapToRegistry   spec: 'latest',
12 silly mapToRegistry   type: 'tag' }
13 silly mapToRegistry uri https://registry.npmjs.org/canvas
14 verbose request uri https://registry.npmjs.org/canvas
15 verbose request no auth needed
16 info attempt registry request try #1 at 11:07:36 AM
17 verbose request id e0be5202f39d32c7
18 verbose etag "5TYUNYXE9HW6RTOATZIOJEZ3Q"
19 http request GET https://registry.npmjs.org/canvas
20 http 304 https://registry.npmjs.org/canvas
21 verbose headers { date: 'Thu, 03 Nov 2016 09:06:24 GMT',
21 verbose headers   via: '1.1 varnish',
21 verbose headers   'cache-control': 'max-age=300',
21 verbose headers   etag: '"5TYUNYXE9HW6RTOATZIOJEZ3Q"',
21 verbose headers   age: '122',
21 verbose headers   connection: 'keep-alive',
21 verbose headers   'x-served-by': 'cache-lcy1135-LCY',
21 verbose headers   'x-cache': 'HIT',
21 verbose headers   'x-cache-hits': '1',
21 verbose headers   'x-timer': 'S1478163984.117895,VS0,VE0',
21 verbose headers   vary: 'Accept-Encoding' }
22 silly get cb [ 304,
22 silly get   { date: 'Thu, 03 Nov 2016 09:06:24 GMT',
22 silly get     via: '1.1 varnish',
22 silly get     'cache-control': 'max-age=300',
22 silly get     etag: '"5TYUNYXE9HW6RTOATZIOJEZ3Q"',
22 silly get     age: '122',
22 silly get     connection: 'keep-alive',
22 silly get     'x-served-by': 'cache-lcy1135-LCY',
22 silly get     'x-cache': 'HIT',
22 silly get     'x-cache-hits': '1',
22 silly get     'x-timer': 'S1478163984.117895,VS0,VE0',
22 silly get     vary: 'Accept-Encoding' } ]
23 verbose etag https://registry.npmjs.org/canvas from cache
24 verbose get saving canvas to /home/kwk/.npm/registry.npmjs.org/canvas/.cache.json
25 verbose correctMkdir /home/kwk/.npm correctMkdir not in flight; initializing
26 silly install normalizeTree
27 silly loadCurrentTree Finishing
28 silly loadIdealTree Starting
29 silly install loadIdealTree
30 silly cloneCurrentTree Starting
31 silly install cloneCurrentTreeToIdealTree
32 silly cloneCurrentTree Finishing
33 silly loadShrinkwrap Starting
34 silly install loadShrinkwrap
35 silly loadShrinkwrap Finishing
36 silly loadAllDepsIntoIdealTree Starting
37 silly install loadAllDepsIntoIdealTree
38 silly resolveWithNewModule canvas@1.6.2 checking installable status
39 silly cache add args [ 'canvas', null ]
40 verbose cache add spec canvas
41 silly cache add parsed spec Result {
41 silly cache add   raw: 'canvas',
41 silly cache add   scope: null,
41 silly cache add   escapedName: 'canvas',
41 silly cache add   name: 'canvas',
41 silly cache add   rawSpec: '',
41 silly cache add   spec: 'latest',
41 silly cache add   type: 'tag' }
42 silly addNamed canvas@latest
43 verbose addNamed "latest" is being treated as a dist-tag for canvas
44 info addNameTag [ 'canvas', 'latest' ]
45 silly mapToRegistry name canvas
46 silly mapToRegistry using default registry
47 silly mapToRegistry registry https://registry.npmjs.org/
48 silly mapToRegistry data Result {
48 silly mapToRegistry   raw: 'canvas',
48 silly mapToRegistry   scope: null,
48 silly mapToRegistry   escapedName: 'canvas',
48 silly mapToRegistry   name: 'canvas',
48 silly mapToRegistry   rawSpec: '',
48 silly mapToRegistry   spec: 'latest',
48 silly mapToRegistry   type: 'tag' }
49 silly mapToRegistry uri https://registry.npmjs.org/canvas
50 verbose addNameTag registry:https://registry.npmjs.org/canvas not in flight; fetching
51 verbose get https://registry.npmjs.org/canvas not expired, no request
52 silly addNameTag next cb for canvas with tag latest
53 silly addNamed canvas@1.6.2
54 verbose addNamed "1.6.2" is a plain semver version for canvas
55 silly cache afterAdd canvas@1.6.2
56 verbose afterAdd /home/kwk/.npm/canvas/1.6.2/package/package.json not in flight; writing
57 verbose correctMkdir /home/kwk/.npm correctMkdir not in flight; initializing
58 verbose afterAdd /home/kwk/.npm/canvas/1.6.2/package/package.json written
59 silly fetchNamedPackageData nan
60 silly mapToRegistry name nan
61 silly mapToRegistry using default registry
62 silly mapToRegistry registry https://registry.npmjs.org/
63 silly mapToRegistry data Result {
63 silly mapToRegistry   raw: 'nan',
63 silly mapToRegistry   scope: null,
63 silly mapToRegistry   escapedName: 'nan',
63 silly mapToRegistry   name: 'nan',
63 silly mapToRegistry   rawSpec: '',
63 silly mapToRegistry   spec: 'latest',
63 silly mapToRegistry   type: 'tag' }
64 silly mapToRegistry uri https://registry.npmjs.org/nan
65 verbose request uri https://registry.npmjs.org/nan
66 verbose request no auth needed
67 info attempt registry request try #1 at 11:07:38 AM
68 verbose etag "64LN9YQI6X4XTPFBYZLET8KF2"
69 http request GET https://registry.npmjs.org/nan
70 http 304 https://registry.npmjs.org/nan
71 verbose headers { date: 'Thu, 03 Nov 2016 09:06:24 GMT',
71 verbose headers   via: '1.1 varnish',
71 verbose headers   'cache-control': 'max-age=300',
71 verbose headers   etag: '"64LN9YQI6X4XTPFBYZLET8KF2"',
71 verbose headers   age: '77',
71 verbose headers   connection: 'keep-alive',
71 verbose headers   'x-served-by': 'cache-lcy1135-LCY',
71 verbose headers   'x-cache': 'HIT',
71 verbose headers   'x-cache-hits': '1',
71 verbose headers   'x-timer': 'S1478163984.549674,VS0,VE0',
71 verbose headers   vary: 'Accept-Encoding' }
72 silly get cb [ 304,
72 silly get   { date: 'Thu, 03 Nov 2016 09:06:24 GMT',
72 silly get     via: '1.1 varnish',
72 silly get     'cache-control': 'max-age=300',
72 silly get     etag: '"64LN9YQI6X4XTPFBYZLET8KF2"',
72 silly get     age: '77',
72 silly get     connection: 'keep-alive',
72 silly get     'x-served-by': 'cache-lcy1135-LCY',
72 silly get     'x-cache': 'HIT',
72 silly get     'x-cache-hits': '1',
72 silly get     'x-timer': 'S1478163984.549674,VS0,VE0',
72 silly get     vary: 'Accept-Encoding' } ]
73 verbose etag https://registry.npmjs.org/nan from cache
74 verbose get saving nan to /home/kwk/.npm/registry.npmjs.org/nan/.cache.json
75 verbose correctMkdir /home/kwk/.npm correctMkdir not in flight; initializing
76 silly resolveWithNewModule nan@2.4.0 checking installable status
77 silly cache add args [ 'nan@^2.4.0', null ]
78 verbose cache add spec nan@^2.4.0
79 silly cache add parsed spec Result {
79 silly cache add   raw: 'nan@^2.4.0',
79 silly cache add   scope: null,
79 silly cache add   escapedName: 'nan',
79 silly cache add   name: 'nan',
79 silly cache add   rawSpec: '^2.4.0',
79 silly cache add   spec: '>=2.4.0 <3.0.0',
79 silly cache add   type: 'range' }
80 silly addNamed nan@>=2.4.0 <3.0.0
81 verbose addNamed ">=2.4.0 <3.0.0" is a valid semver range for nan
82 silly addNameRange { name: 'nan', range: '>=2.4.0 <3.0.0', hasData: false }
83 silly mapToRegistry name nan
84 silly mapToRegistry using default registry
85 silly mapToRegistry registry https://registry.npmjs.org/
86 silly mapToRegistry data Result {
86 silly mapToRegistry   raw: 'nan',
86 silly mapToRegistry   scope: null,
86 silly mapToRegistry   escapedName: 'nan',
86 silly mapToRegistry   name: 'nan',
86 silly mapToRegistry   rawSpec: '',
86 silly mapToRegistry   spec: 'latest',
86 silly mapToRegistry   type: 'tag' }
87 silly mapToRegistry uri https://registry.npmjs.org/nan
88 verbose addNameRange registry:https://registry.npmjs.org/nan not in flight; fetching
89 verbose get https://registry.npmjs.org/nan not expired, no request
90 silly addNameRange number 2 { name: 'nan', range: '>=2.4.0 <3.0.0', hasData: true }
91 silly addNameRange versions [ 'nan',
91 silly addNameRange   [ '0.3.0-wip',
91 silly addNameRange     '0.3.0-wip2',
91 silly addNameRange     '0.3.0',
91 silly addNameRange     '0.3.1',
91 silly addNameRange     '0.3.2',
91 silly addNameRange     '0.4.0',
91 silly addNameRange     '0.4.1',
91 silly addNameRange     '0.4.2',
91 silly addNameRange     '0.4.3',
91 silly addNameRange     '0.4.4',
91 silly addNameRange     '0.5.0',
91 silly addNameRange     '0.5.1',
91 silly addNameRange     '0.5.2',
91 silly addNameRange     '0.6.0',
91 silly addNameRange     '0.7.0',
91 silly addNameRange     '0.7.1',
91 silly addNameRange     '0.8.0',
91 silly addNameRange     '1.0.0',
91 silly addNameRange     '1.1.0',
91 silly addNameRange     '1.1.1',
91 silly addNameRange     '1.1.2',
91 silly addNameRange     '1.2.0',
91 silly addNameRange     '1.3.0',
91 silly addNameRange     '1.4.0',
91 silly addNameRange     '1.4.1',
91 silly addNameRange     '1.5.0',
91 silly addNameRange     '1.4.2',
91 silly addNameRange     '1.4.3',
91 silly addNameRange     '1.5.1',
91 silly addNameRange     '1.5.2',
91 silly addNameRange     '1.6.0',
91 silly addNameRange     '1.5.3',
91 silly addNameRange     '1.6.1',
91 silly addNameRange     '1.6.2',
91 silly addNameRange     '1.7.0',
91 silly addNameRange     '1.8.0',
91 silly addNameRange     '1.8.1',
91 silly addNameRange     '1.8.2',
91 silly addNameRange     '1.8.3',
91 silly addNameRange     '1.8.4',
91 silly addNameRange     '1.9.0',
91 silly addNameRange     '2.0.0',
91 silly addNameRange     '2.0.1',
91 silly addNameRange     '2.0.2',
91 silly addNameRange     '2.0.3',
91 silly addNameRange     '2.0.4',
91 silly addNameRange     '2.0.5',
91 silly addNameRange     '2.0.6',
91 silly addNameRange     '2.0.7',
91 silly addNameRange     '2.0.8',
91 silly addNameRange     '2.0.9',
91 silly addNameRange     '2.1.0',
91 silly addNameRange     '2.2.0',
91 silly addNameRange     '2.2.1',
91 silly addNameRange     '2.3.0',
91 silly addNameRange     '2.3.1',
91 silly addNameRange     '2.3.2',
91 silly addNameRange     '2.3.3',
91 silly addNameRange     '2.3.4',
91 silly addNameRange     '2.3.5',
91 silly addNameRange     '2.4.0' ] ]
92 silly addNamed nan@2.4.0
93 verbose addNamed "2.4.0" is a plain semver version for nan
94 silly cache afterAdd nan@2.4.0
95 verbose afterAdd /home/kwk/.npm/nan/2.4.0/package/package.json not in flight; writing
96 verbose correctMkdir /home/kwk/.npm correctMkdir not in flight; initializing
97 verbose afterAdd /home/kwk/.npm/nan/2.4.0/package/package.json written
98 silly loadAllDepsIntoIdealTree Finishing
99 silly loadIdealTree Finishing
100 silly currentTree crab@1.0.0
100 silly currentTree ├── accepts@1.3.3
100 silly currentTree ├── after@0.8.1
100 silly currentTree ├── array-flatten@1.1.1
100 silly currentTree ├── arraybuffer.slice@0.0.6
100 silly currentTree ├── backo2@1.0.2
100 silly currentTree ├── base64-arraybuffer@0.1.5
100 silly currentTree ├── base64id@0.1.0
100 silly currentTree ├── benchmark@1.0.0
100 silly currentTree ├── better-assert@1.0.2
100 silly currentTree ├── blob@0.0.4
100 silly currentTree ├── body-parser@1.15.2
100 silly currentTree ├── bytes@2.4.0
100 silly currentTree ├── callsite@1.0.0
100 silly currentTree ├── component-bind@1.0.0
100 silly currentTree ├── component-emitter@1.1.2
100 silly currentTree ├── component-inherit@0.0.3
100 silly currentTree ├── content-disposition@0.5.1
100 silly currentTree ├── content-type@1.0.2
100 silly currentTree ├── cookie-signature@1.0.6
100 silly currentTree ├── cookie@0.3.1
100 silly currentTree ├── crypto-js@3.1.8
100 silly currentTree ├── debug@2.2.0
100 silly currentTree ├── depd@1.1.0
100 silly currentTree ├── destroy@1.0.4
100 silly currentTree ├── ee-first@1.1.1
100 silly currentTree ├── encodeurl@1.0.1
100 silly currentTree ├── engine.io-client@1.7.2
100 silly currentTree ├─┬ engine.io-parser@1.3.1
100 silly currentTree │ └── has-binary@0.1.6
100 silly currentTree ├── engine.io@1.7.2
100 silly currentTree ├── escape-html@1.0.3
100 silly currentTree ├── etag@1.7.0
100 silly currentTree ├── express@4.14.0
100 silly currentTree ├── finalhandler@0.5.0
100 silly currentTree ├── forwarded@0.1.0
100 silly currentTree ├── fresh@0.3.0
100 silly currentTree ├── has-binary@0.1.7
100 silly currentTree ├── has-cors@1.1.0
100 silly currentTree ├── http-errors@1.5.0
100 silly currentTree ├── iconv-lite@0.4.13
100 silly currentTree ├── indexof@0.0.1
100 silly currentTree ├── inherits@2.0.1
100 silly currentTree ├── ipaddr.js@1.1.1
100 silly currentTree ├── isarray@0.0.1
100 silly currentTree ├── json3@3.2.6
100 silly currentTree ├── media-typer@0.3.0
100 silly currentTree ├── merge-descriptors@1.0.1
100 silly currentTree ├── methods@1.1.2
100 silly currentTree ├── mime-db@1.24.0
100 silly currentTree ├── mime-types@2.1.12
100 silly currentTree ├── mime@1.3.4
100 silly currentTree ├── ms@0.7.1
100 silly currentTree ├── negotiator@0.6.1
100 silly currentTree ├── object-component@0.0.3
100 silly currentTree ├── on-finished@2.3.0
100 silly currentTree ├── options@0.0.6
100 silly currentTree ├── parsejson@0.0.1
100 silly currentTree ├── parseqs@0.0.2
100 silly currentTree ├── parseuri@0.0.4
100 silly currentTree ├── parseurl@1.3.1
100 silly currentTree ├── path-to-regexp@0.1.7
100 silly currentTree ├── proxy-addr@1.1.2
100 silly currentTree ├── qs@6.2.0
100 silly currentTree ├── range-parser@1.2.0
100 silly currentTree ├── raw-body@2.1.7
100 silly currentTree ├── send@0.14.1
100 silly currentTree ├── serve-static@1.11.1
100 silly currentTree ├── setprototypeof@1.0.1
100 silly currentTree ├─┬ socket.io-adapter@0.4.0
100 silly currentTree │ └─┬ socket.io-parser@2.2.2
100 silly currentTree │   └── debug@0.7.4
100 silly currentTree ├─┬ socket.io-client@1.5.1
100 silly currentTree │ └── component-emitter@1.2.0
100 silly currentTree ├─┬ socket.io-parser@2.3.1
100 silly currentTree │ └── json3@3.3.2
100 silly currentTree ├── socket.io@1.5.1
100 silly currentTree ├── statuses@1.3.0
100 silly currentTree ├── to-array@0.1.4
100 silly currentTree ├── type-is@1.6.13
100 silly currentTree ├── ultron@1.0.2
100 silly currentTree ├── unpipe@1.0.0
100 silly currentTree ├── utils-merge@1.0.0
100 silly currentTree ├── vary@1.1.0
100 silly currentTree ├── ws@1.1.1
100 silly currentTree ├── wtf-8@1.0.0
100 silly currentTree ├── xmlhttprequest-ssl@1.5.1
100 silly currentTree └── yeast@0.1.2
101 silly idealTree crab@1.0.0
101 silly idealTree ├── accepts@1.3.3
101 silly idealTree ├── after@0.8.1
101 silly idealTree ├── array-flatten@1.1.1
101 silly idealTree ├── arraybuffer.slice@0.0.6
101 silly idealTree ├── backo2@1.0.2
101 silly idealTree ├── base64-arraybuffer@0.1.5
101 silly idealTree ├── base64id@0.1.0
101 silly idealTree ├── benchmark@1.0.0
101 silly idealTree ├── better-assert@1.0.2
101 silly idealTree ├── blob@0.0.4
101 silly idealTree ├── body-parser@1.15.2
101 silly idealTree ├── bytes@2.4.0
101 silly idealTree ├── callsite@1.0.0
101 silly idealTree ├── canvas@1.6.2
101 silly idealTree ├── component-bind@1.0.0
101 silly idealTree ├── component-emitter@1.1.2
101 silly idealTree ├── component-inherit@0.0.3
101 silly idealTree ├── content-disposition@0.5.1
101 silly idealTree ├── content-type@1.0.2
101 silly idealTree ├── cookie-signature@1.0.6
101 silly idealTree ├── cookie@0.3.1
101 silly idealTree ├── crypto-js@3.1.8
101 silly idealTree ├── debug@2.2.0
101 silly idealTree ├── depd@1.1.0
101 silly idealTree ├── destroy@1.0.4
101 silly idealTree ├── ee-first@1.1.1
101 silly idealTree ├── encodeurl@1.0.1
101 silly idealTree ├── engine.io-client@1.7.2
101 silly idealTree ├─┬ engine.io-parser@1.3.1
101 silly idealTree │ └── has-binary@0.1.6
101 silly idealTree ├── engine.io@1.7.2
101 silly idealTree ├── escape-html@1.0.3
101 silly idealTree ├── etag@1.7.0
101 silly idealTree ├── express@4.14.0
101 silly idealTree ├── finalhandler@0.5.0
101 silly idealTree ├── forwarded@0.1.0
101 silly idealTree ├── fresh@0.3.0
101 silly idealTree ├── has-binary@0.1.7
101 silly idealTree ├── has-cors@1.1.0
101 silly idealTree ├── http-errors@1.5.0
101 silly idealTree ├── iconv-lite@0.4.13
101 silly idealTree ├── indexof@0.0.1
101 silly idealTree ├── inherits@2.0.1
101 silly idealTree ├── ipaddr.js@1.1.1
101 silly idealTree ├── isarray@0.0.1
101 silly idealTree ├── json3@3.2.6
101 silly idealTree ├── media-typer@0.3.0
101 silly idealTree ├── merge-descriptors@1.0.1
101 silly idealTree ├── methods@1.1.2
101 silly idealTree ├── mime-db@1.24.0
101 silly idealTree ├── mime-types@2.1.12
101 silly idealTree ├── mime@1.3.4
101 silly idealTree ├── ms@0.7.1
101 silly idealTree ├── nan@2.4.0
101 silly idealTree ├── negotiator@0.6.1
101 silly idealTree ├── object-component@0.0.3
101 silly idealTree ├── on-finished@2.3.0
101 silly idealTree ├── options@0.0.6
101 silly idealTree ├── parsejson@0.0.1
101 silly idealTree ├── parseqs@0.0.2
101 silly idealTree ├── parseuri@0.0.4
101 silly idealTree ├── parseurl@1.3.1
101 silly idealTree ├── path-to-regexp@0.1.7
101 silly idealTree ├── proxy-addr@1.1.2
101 silly idealTree ├── qs@6.2.0
101 silly idealTree ├── range-parser@1.2.0
101 silly idealTree ├── raw-body@2.1.7
101 silly idealTree ├── send@0.14.1
101 silly idealTree ├── serve-static@1.11.1
101 silly idealTree ├── setprototypeof@1.0.1
101 silly idealTree ├─┬ socket.io-adapter@0.4.0
101 silly idealTree │ └─┬ socket.io-parser@2.2.2
101 silly idealTree │   └── debug@0.7.4
101 silly idealTree ├─┬ socket.io-client@1.5.1
101 silly idealTree │ └── component-emitter@1.2.0
101 silly idealTree ├─┬ socket.io-parser@2.3.1
101 silly idealTree │ └── json3@3.3.2
101 silly idealTree ├── socket.io@1.5.1
101 silly idealTree ├── statuses@1.3.0
101 silly idealTree ├── to-array@0.1.4
101 silly idealTree ├── type-is@1.6.13
101 silly idealTree ├── ultron@1.0.2
101 silly idealTree ├── unpipe@1.0.0
101 silly idealTree ├── utils-merge@1.0.0
101 silly idealTree ├── vary@1.1.0
101 silly idealTree ├── ws@1.1.1
101 silly idealTree ├── wtf-8@1.0.0
101 silly idealTree ├── xmlhttprequest-ssl@1.5.1
101 silly idealTree └── yeast@0.1.2
102 silly generateActionsToTake Starting
103 silly install generateActionsToTake
104 silly generateActionsToTake Finishing
105 silly diffTrees action count 2
106 silly diffTrees add nan@2.4.0
107 silly diffTrees add canvas@1.6.2
108 silly decomposeActions action count 16
109 silly decomposeActions fetch nan@2.4.0
110 silly decomposeActions extract nan@2.4.0
111 silly decomposeActions test nan@2.4.0
112 silly decomposeActions preinstall nan@2.4.0
113 silly decomposeActions build nan@2.4.0
114 silly decomposeActions install nan@2.4.0
115 silly decomposeActions postinstall nan@2.4.0
116 silly decomposeActions finalize nan@2.4.0
117 silly decomposeActions fetch canvas@1.6.2
118 silly decomposeActions extract canvas@1.6.2
119 silly decomposeActions test canvas@1.6.2
120 silly decomposeActions preinstall canvas@1.6.2
121 silly decomposeActions build canvas@1.6.2
122 silly decomposeActions install canvas@1.6.2
123 silly decomposeActions postinstall canvas@1.6.2
124 silly decomposeActions finalize canvas@1.6.2
125 silly runTopLevelLifecycles Starting
126 silly executeActions Starting
127 silly install executeActions
128 silly doSerial global-install 0
129 silly doParallel fetch 2
130 verbose correctMkdir /home/kwk/.npm/_locks correctMkdir not in flight; initializing
131 verbose lock using /home/kwk/.npm/_locks/staging-52e97b49c4431f0c.lock for /var/www/html/crab/node_modules/.staging
132 silly doParallel extract 2
133 silly extract nan@2.4.0
134 silly extract canvas@1.6.2
135 verbose unbuild node_modules/.staging/canvas-2aef1ec5
136 verbose unbuild node_modules/.staging/nan-9a612849
137 silly gentlyRm /var/www/html/crab/node_modules/.staging/canvas-2aef1ec5 is being purged from base /var/www/html/crab
138 verbose gentlyRm don't care about contents; nuking /var/www/html/crab/node_modules/.staging/canvas-2aef1ec5
139 silly gentlyRm /var/www/html/crab/node_modules/.staging/nan-9a612849 is being purged from base /var/www/html/crab
140 verbose gentlyRm don't care about contents; nuking /var/www/html/crab/node_modules/.staging/nan-9a612849
141 verbose tar unpack /home/kwk/.npm/canvas/1.6.2/package.tgz
142 verbose tar unpacking to /var/www/html/crab/node_modules/.staging/canvas-2aef1ec5
143 silly gentlyRm /var/www/html/crab/node_modules/.staging/canvas-2aef1ec5 is being purged
144 verbose gentlyRm don't care about contents; nuking /var/www/html/crab/node_modules/.staging/canvas-2aef1ec5
145 verbose tar unpack /home/kwk/.npm/nan/2.4.0/package.tgz
146 verbose tar unpacking to /var/www/html/crab/node_modules/.staging/nan-9a612849
147 silly gentlyRm /var/www/html/crab/node_modules/.staging/nan-9a612849 is being purged
148 verbose gentlyRm don't care about contents; nuking /var/www/html/crab/node_modules/.staging/nan-9a612849
149 silly gunzTarPerm modes [ '775', '664' ]
150 silly gunzTarPerm modes [ '775', '664' ]
151 silly gunzTarPerm extractEntry package.json
152 silly gunzTarPerm modified mode [ 'package.json', 420, 436 ]
153 silly gunzTarPerm extractEntry package.json
154 silly gunzTarPerm extractEntry .npmignore
155 silly gunzTarPerm modified mode [ '.npmignore', 420, 436 ]
156 silly gunzTarPerm extractEntry index.js
157 silly gunzTarPerm modified mode [ 'index.js', 420, 436 ]
158 silly gunzTarPerm extractEntry README.md
159 silly gunzTarPerm extractEntry include_dirs.js
160 silly gunzTarPerm extractEntry .travis.yml
161 silly gunzTarPerm modified mode [ '.travis.yml', 420, 436 ]
162 silly gunzTarPerm extractEntry History.md
163 silly gunzTarPerm modified mode [ 'History.md', 420, 436 ]
164 silly gunzTarPerm extractEntry nan_callbacks_pre_12_inl.h
165 silly gunzTarPerm extractEntry CHANGELOG.md
166 silly gunzTarPerm extractEntry LICENSE.md
167 silly gunzTarPerm extractEntry doc/node_misc.md
168 silly gunzTarPerm extractEntry Readme.md
169 silly gunzTarPerm modified mode [ 'Readme.md', 420, 436 ]
170 silly gunzTarPerm extractEntry doc/asyncworker.md
171 silly gunzTarPerm extractEntry doc/callback.md
172 silly gunzTarPerm extractEntry binding.gyp
173 silly gunzTarPerm modified mode [ 'binding.gyp', 493, 509 ]
174 silly gunzTarPerm extractEntry .github/ISSUE_TEMPLATE.md
175 silly gunzTarPerm modified mode [ '.github/ISSUE_TEMPLATE.md', 420, 436 ]
176 silly gunzTarPerm extractEntry doc/converters.md
177 silly gunzTarPerm extractEntry doc/errors.md
178 silly gunzTarPerm extractEntry lib/bindings.js
179 silly gunzTarPerm modified mode [ 'lib/bindings.js', 420, 436 ]
180 silly gunzTarPerm extractEntry lib/canvas.js
181 silly gunzTarPerm modified mode [ 'lib/canvas.js', 420, 436 ]
182 silly gunzTarPerm extractEntry lib/context2d.js
183 silly gunzTarPerm modified mode [ 'lib/context2d.js', 420, 436 ]
184 silly gunzTarPerm extractEntry lib/image.js
185 silly gunzTarPerm modified mode [ 'lib/image.js', 420, 436 ]
186 silly gunzTarPerm extractEntry doc/maybe_types.md
187 silly gunzTarPerm extractEntry doc/methods.md
188 silly gunzTarPerm extractEntry lib/jpegstream.js
189 silly gunzTarPerm modified mode [ 'lib/jpegstream.js', 420, 436 ]
190 silly gunzTarPerm extractEntry lib/pdfstream.js
191 silly gunzTarPerm modified mode [ 'lib/pdfstream.js', 420, 436 ]
192 silly gunzTarPerm extractEntry doc/new.md
193 silly gunzTarPerm extractEntry doc/buffers.md
194 silly gunzTarPerm extractEntry lib/pngstream.js
195 silly gunzTarPerm modified mode [ 'lib/pngstream.js', 420, 436 ]
196 silly gunzTarPerm extractEntry src/Image.cc
197 silly gunzTarPerm modified mode [ 'src/Image.cc', 420, 436 ]
198 silly gunzTarPerm extractEntry doc/object_wrappers.md
199 silly gunzTarPerm extractEntry doc/persistent.md
200 silly gunzTarPerm extractEntry src/Canvas.cc
201 silly gunzTarPerm modified mode [ 'src/Canvas.cc', 420, 436 ]
202 silly gunzTarPerm extractEntry src/CanvasGradient.cc
203 silly gunzTarPerm modified mode [ 'src/CanvasGradient.cc', 420, 436 ]
204 silly gunzTarPerm extractEntry doc/scopes.md
205 silly gunzTarPerm extractEntry doc/script.md
206 silly gunzTarPerm extractEntry src/CanvasGradient.h
207 silly gunzTarPerm modified mode [ 'src/CanvasGradient.h', 420, 436 ]
208 silly gunzTarPerm extractEntry src/CanvasPattern.cc
209 silly gunzTarPerm modified mode [ 'src/CanvasPattern.cc', 420, 436 ]
210 silly gunzTarPerm extractEntry doc/string_bytes.md
211 silly gunzTarPerm extractEntry doc/v8_internals.md
212 silly gunzTarPerm extractEntry src/CanvasPattern.h
213 silly gunzTarPerm modified mode [ 'src/CanvasPattern.h', 420, 436 ]
214 silly gunzTarPerm extractEntry src/CanvasRenderingContext2d.cc
215 silly gunzTarPerm modified mode [ 'src/CanvasRenderingContext2d.cc', 493, 509 ]
216 silly gunzTarPerm extractEntry doc/v8_misc.md
217 silly gunzTarPerm extractEntry nan.h
218 silly gunzTarPerm extractEntry src/CanvasRenderingContext2d.h
219 silly gunzTarPerm modified mode [ 'src/CanvasRenderingContext2d.h', 420, 436 ]
220 silly gunzTarPerm extractEntry src/FontFace.cc
221 silly gunzTarPerm modified mode [ 'src/FontFace.cc', 493, 509 ]
222 silly gunzTarPerm extractEntry nan_callbacks.h
223 silly gunzTarPerm extractEntry nan_callbacks_12_inl.h
224 silly gunzTarPerm extractEntry src/FontFace.h
225 silly gunzTarPerm modified mode [ 'src/FontFace.h', 420, 436 ]
226 silly gunzTarPerm extractEntry src/Canvas.h
227 silly gunzTarPerm modified mode [ 'src/Canvas.h', 420, 436 ]
228 silly gunzTarPerm extractEntry nan_converters.h
229 silly gunzTarPerm extractEntry nan_converters_43_inl.h
230 silly gunzTarPerm extractEntry nan_converters_pre_43_inl.h
231 silly gunzTarPerm extractEntry nan_implementation_12_inl.h
232 silly gunzTarPerm extractEntry src/Image.h
233 silly gunzTarPerm modified mode [ 'src/Image.h', 420, 436 ]
234 silly gunzTarPerm extractEntry src/ImageData.cc
235 silly gunzTarPerm modified mode [ 'src/ImageData.cc', 420, 436 ]
236 silly gunzTarPerm extractEntry nan_implementation_pre_12_inl.h
237 silly gunzTarPerm extractEntry nan_maybe_43_inl.h
238 silly gunzTarPerm extractEntry nan_maybe_pre_43_inl.h
239 silly gunzTarPerm extractEntry nan_new.h
240 silly gunzTarPerm extractEntry src/ImageData.h
241 silly gunzTarPerm modified mode [ 'src/ImageData.h', 420, 436 ]
242 silly gunzTarPerm extractEntry src/JPEGStream.h
243 silly gunzTarPerm modified mode [ 'src/JPEGStream.h', 420, 436 ]
244 silly gunzTarPerm extractEntry nan_object_wrap.h
245 silly gunzTarPerm extractEntry nan_persistent_12_inl.h
246 silly gunzTarPerm extractEntry src/PNG.h
247 silly gunzTarPerm modified mode [ 'src/PNG.h', 420, 436 ]
248 silly gunzTarPerm extractEntry src/Point.h
249 silly gunzTarPerm modified mode [ 'src/Point.h', 420, 436 ]
250 silly gunzTarPerm extractEntry nan_persistent_pre_12_inl.h
251 silly gunzTarPerm extractEntry nan_string_bytes.h
252 silly gunzTarPerm extractEntry src/closure.h
253 silly gunzTarPerm modified mode [ 'src/closure.h', 420, 436 ]
254 silly gunzTarPerm extractEntry src/color.cc
255 silly gunzTarPerm modified mode [ 'src/color.cc', 420, 436 ]
256 silly gunzTarPerm extractEntry src/color.h
257 silly gunzTarPerm modified mode [ 'src/color.h', 420, 436 ]
258 silly gunzTarPerm extractEntry src/init.cc
259 silly gunzTarPerm modified mode [ 'src/init.cc', 493, 509 ]
260 silly gunzTarPerm extractEntry nan_typedarray_contents.h
261 silly gunzTarPerm extractEntry nan_weak.h
262 silly gunzTarPerm extractEntry util/has_lib.sh
263 silly gunzTarPerm modified mode [ 'util/has_lib.sh', 493, 509 ]
264 silly gunzTarPerm extractEntry tools/package.json
265 silly gunzTarPerm extractEntry tools/README.md
266 silly gunzTarPerm extractEntry tools/1to2.js
267 silly gentlyRm /var/www/html/crab/node_modules/.staging/canvas-2aef1ec5/node_modules is being purged
268 verbose gentlyRm don't care about contents; nuking /var/www/html/crab/node_modules/.staging/canvas-2aef1ec5/node_modules
269 silly gentlyRm /var/www/html/crab/node_modules/.staging/nan-9a612849/node_modules is being purged
270 verbose gentlyRm don't care about contents; nuking /var/www/html/crab/node_modules/.staging/nan-9a612849/node_modules
271 silly doParallel preinstall 2
272 silly preinstall nan@2.4.0 /var/www/html/crab/node_modules/.staging/nan-9a612849
273 info lifecycle nan@2.4.0~preinstall: nan@2.4.0
274 silly preinstall canvas@1.6.2 /var/www/html/crab/node_modules/.staging/canvas-2aef1ec5
275 info lifecycle canvas@1.6.2~preinstall: canvas@1.6.2
276 silly lifecycle nan@2.4.0~preinstall: no script for preinstall, continuing
277 silly lifecycle canvas@1.6.2~preinstall: no script for preinstall, continuing
278 silly doReverseSerial remove 0
279 silly doSerial move 0
280 silly doSerial finalize 2
281 silly finalize /var/www/html/crab/node_modules/nan
282 silly finalize /var/www/html/crab/node_modules/canvas
283 silly doSerial build 2
284 silly build nan@2.4.0
285 info linkStuff nan@2.4.0
286 silly linkStuff nan@2.4.0 has /var/www/html/crab/node_modules as its parent node_modules
287 verbose linkBins nan@2.4.0
288 verbose linkMans nan@2.4.0
289 silly build canvas@1.6.2
290 info linkStuff canvas@1.6.2
291 silly linkStuff canvas@1.6.2 has /var/www/html/crab/node_modules as its parent node_modules
292 verbose linkBins canvas@1.6.2
293 verbose linkMans canvas@1.6.2
294 silly doSerial global-link 0
295 silly doParallel update-linked 0
296 silly doSerial install 2
297 silly install nan@2.4.0 /var/www/html/crab/node_modules/.staging/nan-9a612849
298 info lifecycle nan@2.4.0~install: nan@2.4.0
299 silly lifecycle nan@2.4.0~install: no script for install, continuing
300 silly install canvas@1.6.2 /var/www/html/crab/node_modules/.staging/canvas-2aef1ec5
301 info lifecycle canvas@1.6.2~install: canvas@1.6.2
302 verbose lifecycle canvas@1.6.2~install: unsafe-perm in lifecycle true
303 verbose lifecycle canvas@1.6.2~install: PATH: /usr/local/lib/node_modules/npm/bin/node-gyp-bin:/var/www/html/crab/node_modules/canvas/node_modules/.bin:/var/www/html/crab/node_modules/.bin:/home/kwk/bin:/usr/local/sbin:/usr/local/bin:/usr/sbin:/usr/bin:/sbin:/bin:/usr/games:/usr/local/games
304 verbose lifecycle canvas@1.6.2~install: CWD: /var/www/html/crab/node_modules/canvas
305 silly lifecycle canvas@1.6.2~install: Args: [ '-c', 'node-gyp rebuild' ]
306 silly lifecycle canvas@1.6.2~install: Returned: code: 1  signal: null
307 info lifecycle canvas@1.6.2~install: Failed to exec install script
308 verbose unlock done using /home/kwk/.npm/_locks/staging-52e97b49c4431f0c.lock for /var/www/html/crab/node_modules/.staging
309 silly rollbackFailedOptional Starting
310 silly rollbackFailedOptional Finishing
311 silly runTopLevelLifecycles Finishing
312 silly install printInstalled
313 warn crab@1.0.0 No repository field.
314 verbose If you need help, you may report this error at:
314 verbose     <https://github.com/npm/npm/issues>
315 verbose stack Error: canvas@1.6.2 install: `node-gyp rebuild`
315 verbose stack Exit status 1
315 verbose stack     at EventEmitter.<anonymous> (/usr/local/lib/node_modules/npm/lib/utils/lifecycle.js:255:16)
315 verbose stack     at emitTwo (events.js:106:13)
315 verbose stack     at EventEmitter.emit (events.js:191:7)
315 verbose stack     at ChildProcess.<anonymous> (/usr/local/lib/node_modules/npm/lib/utils/spawn.js:40:14)
315 verbose stack     at emitTwo (events.js:106:13)
315 verbose stack     at ChildProcess.emit (events.js:191:7)
315 verbose stack     at maybeClose (internal/child_process.js:877:16)
315 verbose stack     at Process.ChildProcess._handle.onexit (internal/child_process.js:226:5)
316 verbose pkgid canvas@1.6.2
317 verbose cwd /var/www/html/crab
318 error Linux 3.13.0-91-generic
319 error argv "/usr/local/bin/node" "/usr/local/bin/npm" "install" "canvas"
320 error node v6.8.1
321 error npm  v3.10.8
322 error code ELIFECYCLE
323 error canvas@1.6.2 install: `node-gyp rebuild`
323 error Exit status 1
324 error Failed at the canvas@1.6.2 install script 'node-gyp rebuild'.
324 error Make sure you have the latest version of node.js and npm installed.
324 error If you do, this is most likely a problem with the canvas package,
324 error not with npm itself.
324 error Tell the author that this fails on your system:
324 error     node-gyp rebuild
324 error You can get information on how to open an issue for this project with:
324 error     npm bugs canvas
324 error Or if that isn't available, you can get their info via:
324 error     npm owner ls canvas
324 error There is likely additional logging output above.
325 verbose exit [ 1, true ]
